[2022-01-26 22:42:47,518] {taskinstance.py:1032} INFO - Dependencies all met for <TaskInstance: data_ingestion_gcs_dag.local_to_gcs_task manual__2022-01-26T22:34:07.192736+00:00 [queued]>
[2022-01-26 22:42:47,536] {taskinstance.py:1032} INFO - Dependencies all met for <TaskInstance: data_ingestion_gcs_dag.local_to_gcs_task manual__2022-01-26T22:34:07.192736+00:00 [queued]>
[2022-01-26 22:42:47,537] {taskinstance.py:1238} INFO - 
--------------------------------------------------------------------------------
[2022-01-26 22:42:47,537] {taskinstance.py:1239} INFO - Starting attempt 1 of 2
[2022-01-26 22:42:47,538] {taskinstance.py:1240} INFO - 
--------------------------------------------------------------------------------
[2022-01-26 22:42:47,557] {taskinstance.py:1259} INFO - Executing <Task(PythonOperator): local_to_gcs_task> on 2022-01-26 22:34:07.192736+00:00
[2022-01-26 22:42:47,565] {standard_task_runner.py:52} INFO - Started process 286 to run task
[2022-01-26 22:42:47,574] {standard_task_runner.py:76} INFO - Running: ['***', 'tasks', 'run', 'data_ingestion_gcs_dag', 'local_to_gcs_task', 'manual__2022-01-26T22:34:07.192736+00:00', '--job-id', '10', '--raw', '--subdir', 'DAGS_FOLDER/data_ingestion_gcs_dag.py', '--cfg-path', '/tmp/tmpa4ch6pja', '--error-file', '/tmp/tmpocxd9ep3']
[2022-01-26 22:42:47,576] {standard_task_runner.py:77} INFO - Job 10: Subtask local_to_gcs_task
[2022-01-26 22:42:47,652] {logging_mixin.py:109} INFO - Running <TaskInstance: data_ingestion_gcs_dag.local_to_gcs_task manual__2022-01-26T22:34:07.192736+00:00 [running]> on host 23953897a00d
[2022-01-26 22:42:47,730] {taskinstance.py:1426} INFO - Exporting the following env vars:
AIRFLOW_CTX_DAG_OWNER=***
AIRFLOW_CTX_DAG_ID=data_ingestion_gcs_dag
AIRFLOW_CTX_TASK_ID=local_to_gcs_task
AIRFLOW_CTX_EXECUTION_DATE=2022-01-26T22:34:07.192736+00:00
AIRFLOW_CTX_DAG_RUN_ID=manual__2022-01-26T22:34:07.192736+00:00
[2022-01-26 22:44:04,470] {python.py:175} INFO - Done. Returned value was: None
[2022-01-26 22:44:04,482] {taskinstance.py:1277} INFO - Marking task as SUCCESS. dag_id=data_ingestion_gcs_dag, task_id=local_to_gcs_task, execution_date=20220126T223407, start_date=20220126T224247, end_date=20220126T224404
[2022-01-26 22:44:04,526] {local_task_job.py:154} INFO - Task exited with return code 0
[2022-01-26 22:44:04,560] {local_task_job.py:264} INFO - 1 downstream tasks scheduled from follow-on schedule check
