[2022-01-26 21:05:42,917] {taskinstance.py:1032} INFO - Dependencies all met for <TaskInstance: data_ingestion_gcs_dag.format_to_parquet_task manual__2022-01-26T20:56:56.990558+00:00 [queued]>
[2022-01-26 21:05:42,930] {taskinstance.py:1032} INFO - Dependencies all met for <TaskInstance: data_ingestion_gcs_dag.format_to_parquet_task manual__2022-01-26T20:56:56.990558+00:00 [queued]>
[2022-01-26 21:05:42,931] {taskinstance.py:1238} INFO - 
--------------------------------------------------------------------------------
[2022-01-26 21:05:42,931] {taskinstance.py:1239} INFO - Starting attempt 1 of 2
[2022-01-26 21:05:42,931] {taskinstance.py:1240} INFO - 
--------------------------------------------------------------------------------
[2022-01-26 21:05:42,949] {taskinstance.py:1259} INFO - Executing <Task(PythonOperator): format_to_parquet_task> on 2022-01-26 20:56:56.990558+00:00
[2022-01-26 21:05:42,953] {standard_task_runner.py:52} INFO - Started process 388 to run task
[2022-01-26 21:05:42,957] {standard_task_runner.py:76} INFO - Running: ['***', 'tasks', 'run', 'data_ingestion_gcs_dag', 'format_to_parquet_task', 'manual__2022-01-26T20:56:56.990558+00:00', '--job-id', '8', '--raw', '--subdir', 'DAGS_FOLDER/data_ingestion_gcs_dag.py', '--cfg-path', '/tmp/tmp2fn7noex', '--error-file', '/tmp/tmpbj10_ez5']
[2022-01-26 21:05:42,958] {standard_task_runner.py:77} INFO - Job 8: Subtask format_to_parquet_task
[2022-01-26 21:05:43,020] {logging_mixin.py:109} INFO - Running <TaskInstance: data_ingestion_gcs_dag.format_to_parquet_task manual__2022-01-26T20:56:56.990558+00:00 [running]> on host 09b8c78ea44a
[2022-01-26 21:05:43,078] {taskinstance.py:1426} INFO - Exporting the following env vars:
AIRFLOW_CTX_DAG_OWNER=***
AIRFLOW_CTX_DAG_ID=data_ingestion_gcs_dag
AIRFLOW_CTX_TASK_ID=format_to_parquet_task
AIRFLOW_CTX_EXECUTION_DATE=2022-01-26T20:56:56.990558+00:00
AIRFLOW_CTX_DAG_RUN_ID=manual__2022-01-26T20:56:56.990558+00:00
[2022-01-26 21:07:42,452] {python.py:175} INFO - Done. Returned value was: None
[2022-01-26 21:07:43,111] {taskinstance.py:1277} INFO - Marking task as SUCCESS. dag_id=data_ingestion_gcs_dag, task_id=format_to_parquet_task, execution_date=20220126T205656, start_date=20220126T210542, end_date=20220126T210743
[2022-01-26 21:07:43,164] {local_task_job.py:154} INFO - Task exited with return code 0
[2022-01-26 21:07:43,211] {local_task_job.py:264} INFO - 1 downstream tasks scheduled from follow-on schedule check
