[2022-01-26 20:43:43,167] {taskinstance.py:1032} INFO - Dependencies all met for <TaskInstance: data_ingestion_gcs_dag.download_dataset_task scheduled__2022-01-25T00:00:00+00:00 [queued]>
[2022-01-26 20:43:43,177] {taskinstance.py:1032} INFO - Dependencies all met for <TaskInstance: data_ingestion_gcs_dag.download_dataset_task scheduled__2022-01-25T00:00:00+00:00 [queued]>
[2022-01-26 20:43:43,177] {taskinstance.py:1238} INFO - 
--------------------------------------------------------------------------------
[2022-01-26 20:43:43,178] {taskinstance.py:1239} INFO - Starting attempt 2 of 2
[2022-01-26 20:43:43,178] {taskinstance.py:1240} INFO - 
--------------------------------------------------------------------------------
[2022-01-26 20:43:43,190] {taskinstance.py:1259} INFO - Executing <Task(BashOperator): download_dataset_task> on 2022-01-25 00:00:00+00:00
[2022-01-26 20:43:43,194] {standard_task_runner.py:52} INFO - Started process 5435 to run task
[2022-01-26 20:43:43,197] {standard_task_runner.py:76} INFO - Running: ['***', 'tasks', 'run', 'data_ingestion_gcs_dag', 'download_dataset_task', 'scheduled__2022-01-25T00:00:00+00:00', '--job-id', '37', '--raw', '--subdir', 'DAGS_FOLDER/data_ingestion_gcs_dag.py', '--cfg-path', '/tmp/tmpvmb6s67f', '--error-file', '/tmp/tmp_cy2d5i4']
[2022-01-26 20:43:43,198] {standard_task_runner.py:77} INFO - Job 37: Subtask download_dataset_task
[2022-01-26 20:43:43,245] {logging_mixin.py:109} INFO - Running <TaskInstance: data_ingestion_gcs_dag.download_dataset_task scheduled__2022-01-25T00:00:00+00:00 [running]> on host 9fb8ae766f9d
[2022-01-26 20:43:43,288] {taskinstance.py:1426} INFO - Exporting the following env vars:
AIRFLOW_CTX_DAG_OWNER=***
AIRFLOW_CTX_DAG_ID=data_ingestion_gcs_dag
AIRFLOW_CTX_TASK_ID=download_dataset_task
AIRFLOW_CTX_EXECUTION_DATE=2022-01-25T00:00:00+00:00
AIRFLOW_CTX_DAG_RUN_ID=scheduled__2022-01-25T00:00:00+00:00
[2022-01-26 20:43:43,290] {subprocess.py:62} INFO - Tmp dir root location: 
 /tmp
[2022-01-26 20:43:43,291] {subprocess.py:74} INFO - Running command: ['bash', '-c', 'curl -sS https://s3.amazonaws.com/nyc-tlc/trip+data/yellow_tripdata_2021-01.csv > /opt/***/yellow_tripdata_2021-01.csv']
[2022-01-26 20:43:43,300] {subprocess.py:85} INFO - Output:
